============================= test session starts =============================
platform win32 -- Python 3.12.10, pytest-9.0.2, pluggy-1.6.0 -- C:\Users\davec\OneDrive\Documentos\WinStake.ia\venv\Scripts\python.exe
cachedir: .pytest_cache
rootdir: C:\Users\davec\OneDrive\Documentos\WinStake.ia
plugins: anyio-4.13.0, cov-7.1.0
collecting ... collected 107 items

tests/test_analyzer.py::test_poisson_probabilities_sum_to_one PASSED     [  0%]
tests/test_analyzer.py::test_poisson_home_favored_when_higher_lambda PASSED [  1%]
tests/test_analyzer.py::test_poisson_symmetric_lambdas PASSED            [  2%]
tests/test_analyzer.py::test_poisson_over_under_sum PASSED               [  3%]
tests/test_analyzer.py::test_poisson_btts_sum PASSED                     [  4%]
tests/test_analyzer.py::test_poisson_high_lambda_means_more_goals PASSED [  5%]
tests/test_analyzer.py::test_poisson_very_low_lambda PASSED              [  6%]
tests/test_analyzer.py::test_calculate_ev_positive PASSED                [  7%]
tests/test_analyzer.py::test_calculate_ev_skips_missing_odds PASSED      [  8%]
tests/test_analyzer.py::test_calculate_ev_rejects_odds_below_one PASSED  [  9%]
tests/test_analyzer.py::test_remove_overround_typical PASSED             [ 10%]
tests/test_analyzer.py::test_remove_overround_no_margin PASSED           [ 11%]
tests/test_analyzer.py::test_fair_odds_increases_odds PASSED             [ 12%]
tests/test_analyzer.py::test_fair_odds_zero_overround PASSED             [ 13%]
tests/test_analyzer.py::test_ev_uses_real_market_odds PASSED             [ 14%]
tests/test_analyzer.py::test_kelly_basic PASSED                          [ 14%]
tests/test_analyzer.py::test_kelly_no_edge PASSED                        [ 15%]
tests/test_analyzer.py::test_kelly_capped PASSED                         [ 16%]
tests/test_analyzer.py::test_kelly_invalid_odds PASSED                   [ 17%]
tests/test_analyzer.py::test_kelly_zero_probability PASSED               [ 18%]
tests/test_analyzer.py::test_kelly_risk_levels PASSED                    [ 19%]
tests/test_analyzer.py::test_form_empty_string PASSED                    [ 20%]
tests/test_analyzer.py::test_form_too_short PASSED                       [ 21%]
tests/test_analyzer.py::test_form_all_wins PASSED                        [ 22%]
tests/test_analyzer.py::test_form_all_losses PASSED                      [ 23%]
tests/test_analyzer.py::test_form_all_draws PASSED                       [ 24%]
tests/test_analyzer.py::test_form_decay_recent_wins_matter_more PASSED   [ 25%]
tests/test_analyzer.py::test_form_decay_symmetric_different PASSED       [ 26%]
tests/test_analyzer.py::test_form_takes_last_five PASSED                 [ 27%]
tests/test_analyzer.py::test_h2h_empty PASSED                            [ 28%]
tests/test_analyzer.py::test_h2h_too_few_matches PASSED                  [ 28%]
tests/test_analyzer.py::test_h2h_minimum_three_matches PASSED            [ 29%]
tests/test_analyzer.py::test_h2h_five_matches_full_weight PASSED         [ 30%]
tests/test_analyzer.py::test_h2h_balanced PASSED                         [ 31%]
tests/test_analyzer.py::test_confidence_alta PASSED                      [ 32%]
tests/test_analyzer.py::test_confidence_media PASSED                     [ 33%]
tests/test_analyzer.py::test_confidence_baja PASSED                      [ 34%]
tests/test_analyzer.py::test_correct_scores_returns_top_5 PASSED         [ 35%]
tests/test_analyzer.py::test_correct_scores_ordered_by_probability PASSED [ 36%]
tests/test_analyzer.py::test_correct_scores_sum_reasonable PASSED        [ 37%]
tests/test_analyzer.py::test_find_best_bet_returns_highest_ev PASSED     [ 38%]
tests/test_analyzer.py::test_find_best_bet_none_when_no_value PASSED     [ 39%]
tests/test_analyzer.py::test_lambdas_without_stats PASSED                [ 40%]
tests/test_analyzer.py::test_lambdas_clamped PASSED                      [ 41%]
tests/test_analyzer.py::test_analyze_match_basic PASSED                  [ 42%]
tests/test_analyzer.py::test_analyze_match_no_stats PASSED               [ 42%]
tests/test_analyzer.py::test_correlation_no_value_bets PASSED            [ 43%]
tests/test_analyzer.py::test_correlation_single_value_bet PASSED         [ 44%]
tests/test_analyzer.py::test_correlation_local_over25 PASSED             [ 45%]
tests/test_analyzer.py::test_correlation_btts_over25_redundant PASSED    [ 46%]
tests/test_analyzer.py::test_correlation_empate_under25 PASSED           [ 47%]
tests/test_analyzer.py::test_stake_adjustment_redundant_drops_lower_ev PASSED [ 48%]
tests/test_analyzer.py::test_stake_adjustment_correlated_reduces PASSED  [ 49%]
tests/test_analyzer.py::test_stake_adjustment_no_correlation PASSED      [ 50%]
tests/test_backtest.py::test_tracker_init PASSED                         [ 51%]
tests/test_backtest.py::test_tracker_update PASSED                       [ 52%]
tests/test_backtest.py::test_tracker_form PASSED                         [ 53%]
tests/test_backtest.py::test_tracker_home_away_split PASSED              [ 54%]
tests/test_backtest.py::test_check_bet_local PASSED                      [ 55%]
tests/test_backtest.py::test_check_bet_over PASSED                       [ 56%]
tests/test_backtest.py::test_check_bet_under PASSED                      [ 57%]
tests/test_backtest.py::test_check_bet_btts PASSED                       [ 57%]
tests/test_backtest.py::test_backtest_runs_without_error PASSED          [ 58%]
tests/test_backtest.py::test_backtest_result_fields PASSED               [ 59%]
tests/test_backtest.py::test_backtest_high_min_ev_fewer_bets PASSED      [ 60%]
tests/test_backtest.py::test_backtest_predictions_generated PASSED       [ 61%]
tests/test_backtest.py::test_backtest_bankroll_curve PASSED              [ 62%]
tests/test_cache.py::test_set_and_get PASSED                             [ 63%]
tests/test_cache.py::test_get_missing_key PASSED                         [ 64%]
tests/test_cache.py::test_ttl_expiration PASSED                          [ 65%]
tests/test_cache.py::test_ttl_valid PASSED                               [ 66%]
tests/test_cache.py::test_invalidate PASSED                              [ 67%]
tests/test_cache.py::test_invalidate_nonexistent PASSED                  [ 68%]
tests/test_cache.py::test_clear_all PASSED                               [ 69%]
tests/test_cache.py::test_stats_tracking PASSED                          [ 70%]
tests/test_cache.py::test_complex_data_types PASSED                      [ 71%]
tests/test_calibration.py::test_brier_score_perfect PASSED               [ 71%]
tests/test_calibration.py::test_brier_score_worst PASSED                 [ 72%]
tests/test_calibration.py::test_brier_score_random PASSED                [ 73%]
tests/test_calibration.py::test_brier_score_realistic PASSED             [ 74%]
tests/test_calibration.py::test_brier_score_empty PASSED                 [ 75%]
tests/test_calibration.py::test_brier_totals PASSED                      [ 76%]
tests/test_calibration.py::test_brier_totals_perfect PASSED              [ 77%]
tests/test_calibration.py::test_log_loss_good_predictions PASSED         [ 78%]
tests/test_calibration.py::test_log_loss_empty PASSED                    [ 79%]
tests/test_calibration.py::test_log_loss_worse_than_good PASSED          [ 80%]
tests/test_calibration.py::test_calibration_buckets_exist PASSED         [ 81%]
tests/test_calibration.py::test_calibration_buckets_have_counts PASSED   [ 82%]
tests/test_calibration.py::test_calibration_bucket_ranges PASSED         [ 83%]
tests/test_calibration.py::test_generate_report PASSED                   [ 84%]
tests/test_database.py::test_database_initialization PASSED              [ 85%]
tests/test_database.py::test_foreign_keys_enabled PASSED                 [ 85%]
tests/test_database.py::test_save_analysis_with_value_bet PASSED         [ 86%]
tests/test_database.py::test_save_analysis_without_value_bet PASSED      [ 87%]
tests/test_database.py::test_roi_summary_empty PASSED                    [ 88%]
tests/test_database.py::test_roi_summary_with_results PASSED             [ 89%]
tests/test_database.py::test_record_result_win PASSED                    [ 90%]
tests/test_database.py::test_record_result_loss PASSED                   [ 91%]
tests/test_database.py::test_record_result_invalid_bet_id PASSED         [ 92%]
tests/test_database.py::test_check_bet_local_win PASSED                  [ 93%]
tests/test_database.py::test_check_bet_empate PASSED                     [ 94%]
tests/test_database.py::test_check_bet_visitante PASSED                  [ 95%]
tests/test_database.py::test_check_bet_over_25 PASSED                    [ 96%]
tests/test_database.py::test_check_bet_under_25 PASSED                   [ 97%]
tests/test_database.py::test_pending_results PASSED                      [ 98%]
tests/test_database.py::test_pending_results_cleared_after_recording PASSED [ 99%]
tests/test_database.py::test_recent_analyses PASSED                      [100%]

============================= 107 passed in 1.53s =============================
